0 info it worked if it ends with ok
1 verbose cli [ '/Users/skhatir/.brew/Cellar/node/7.1.0/bin/node',
1 verbose cli   '/Users/skhatir/.brew/bin/npm',
1 verbose cli   'run',
1 verbose cli   'srv-dev' ]
2 info using npm@3.10.9
3 info using node@v7.1.0
4 verbose stack Error: missing script: srv-dev
4 verbose stack     at run (/Users/skhatir/.brew/lib/node_modules/npm/lib/run-script.js:151:19)
4 verbose stack     at /Users/skhatir/.brew/lib/node_modules/npm/lib/run-script.js:61:5
4 verbose stack     at /Users/skhatir/.brew/lib/node_modules/npm/node_modules/read-package-json/read-json.js:356:5
4 verbose stack     at checkBinReferences_ (/Users/skhatir/.brew/lib/node_modules/npm/node_modules/read-package-json/read-json.js:320:45)
4 verbose stack     at final (/Users/skhatir/.brew/lib/node_modules/npm/node_modules/read-package-json/read-json.js:354:3)
4 verbose stack     at then (/Users/skhatir/.brew/lib/node_modules/npm/node_modules/read-package-json/read-json.js:124:5)
4 verbose stack     at /Users/skhatir/.brew/lib/node_modules/npm/node_modules/read-package-json/read-json.js:311:12
4 verbose stack     at /Users/skhatir/.brew/lib/node_modules/npm/node_modules/graceful-fs/graceful-fs.js:78:16
4 verbose stack     at tryToString (fs.js:425:3)
4 verbose stack     at FSReqWrap.readFileAfterClose [as oncomplete] (fs.js:412:12)
5 verbose cwd /sgoinfre/goinfre/Perso/skhatir/todo_school
6 error Darwin 15.6.0
7 error argv "/Users/skhatir/.brew/Cellar/node/7.1.0/bin/node" "/Users/skhatir/.brew/bin/npm" "run" "srv-dev"
8 error node v7.1.0
9 error npm  v3.10.9
10 error missing script: srv-dev
11 error If you need help, you may report this error at:
11 error     <https://github.com/npm/npm/issues>
12 verbose exit [ 1, true ]
