0 info it worked if it ends with ok
1 verbose cli [ '/home/redpelicans/tools/node-v5.7.0-linux-x64/bin/node',
1 verbose cli   '/home/redpelicans/tools/node/bin/npm',
1 verbose cli   'run',
1 verbose cli   'test' ]
2 info using npm@3.6.0
3 info using node@v5.7.0
4 verbose run-script [ 'pretest', 'test', 'posttest' ]
5 info lifecycle todo@0.0.1~pretest: todo@0.0.1
6 silly lifecycle todo@0.0.1~pretest: no script for pretest, continuing
7 info lifecycle todo@0.0.1~test: todo@0.0.1
8 verbose lifecycle todo@0.0.1~test: unsafe-perm in lifecycle true
9 verbose lifecycle todo@0.0.1~test: PATH: /home/redpelicans/tools/node-v5.7.0-linux-x64/lib/node_modules/npm/bin/node-gyp-bin:/home/redpelicans/todo_school/node_modules/.bin:/usr/local/bin:/usr/bin:/bin:/usr/local/games:/usr/games:/home/redpelicans/tools/node/bin
10 verbose lifecycle todo@0.0.1~test: CWD: /home/redpelicans/todo_school
11 silly lifecycle todo@0.0.1~test: Args: [ '-c',
11 silly lifecycle   'NODE_ENV=testing DEBUG=Xtodo:* mocha --require babel-core/register --reporter spec' ]
12 silly lifecycle todo@0.0.1~test: Returned: code: 5  signal: null
13 info lifecycle todo@0.0.1~test: Failed to exec test script
14 verbose stack Error: todo@0.0.1 test: `NODE_ENV=testing DEBUG=Xtodo:* mocha --require babel-core/register --reporter spec`
14 verbose stack Exit status 5
14 verbose stack     at EventEmitter.<anonymous> (/home/redpelicans/tools/node-v5.7.0-linux-x64/lib/node_modules/npm/lib/utils/lifecycle.js:232:16)
14 verbose stack     at emitTwo (events.js:100:13)
14 verbose stack     at EventEmitter.emit (events.js:185:7)
14 verbose stack     at ChildProcess.<anonymous> (/home/redpelicans/tools/node-v5.7.0-linux-x64/lib/node_modules/npm/lib/utils/spawn.js:24:14)
14 verbose stack     at emitTwo (events.js:100:13)
14 verbose stack     at ChildProcess.emit (events.js:185:7)
14 verbose stack     at maybeClose (internal/child_process.js:827:16)
14 verbose stack     at Process.ChildProcess._handle.onexit (internal/child_process.js:211:5)
15 verbose pkgid todo@0.0.1
16 verbose cwd /home/redpelicans/todo_school/src/server/api
17 error Linux 4.2.0-25-generic
18 error argv "/home/redpelicans/tools/node-v5.7.0-linux-x64/bin/node" "/home/redpelicans/tools/node/bin/npm" "run" "test"
19 error node v5.7.0
20 error npm  v3.6.0
21 error code ELIFECYCLE
22 error todo@0.0.1 test: `NODE_ENV=testing DEBUG=Xtodo:* mocha --require babel-core/register --reporter spec`
22 error Exit status 5
23 error Failed at the todo@0.0.1 test script 'NODE_ENV=testing DEBUG=Xtodo:* mocha --require babel-core/register --reporter spec'.
23 error Make sure you have the latest version of node.js and npm installed.
23 error If you do, this is most likely a problem with the todo package,
23 error not with npm itself.
23 error Tell the author that this fails on your system:
23 error     NODE_ENV=testing DEBUG=Xtodo:* mocha --require babel-core/register --reporter spec
23 error You can get information on how to open an issue for this project with:
23 error     npm bugs todo
23 error Or if that isn't available, you can get their info via:
23 error     npm owner ls todo
23 error There is likely additional logging output above.
24 verbose exit [ 1, true ]
